12-Dec-2022 12:22:22.385 INFO [main] org.apache.catalina.core.ApplicationContext.log ContextListener: contextInitialized()
12-Dec-2022 12:22:22.386 INFO [main] org.apache.catalina.core.ApplicationContext.log SessionListener: contextInitialized()
12-Dec-2022 12:22:22.392 INFO [main] org.apache.catalina.core.ApplicationContext.log ContextListener: attributeAdded('StockTicker', 'async.Stockticker@482d776b')
12-Dec-2022 12:58:33.390 INFO [main] org.apache.catalina.core.ApplicationContext.log ContextListener: contextInitialized()
12-Dec-2022 12:58:33.395 INFO [main] org.apache.catalina.core.ApplicationContext.log SessionListener: contextInitialized()
12-Dec-2022 12:58:33.396 INFO [main] org.apache.catalina.core.ApplicationContext.log ContextListener: attributeAdded('StockTicker', 'async.Stockticker@65aa6596')
12-Dec-2022 12:58:33.798 INFO [main] org.apache.catalina.core.ApplicationContext.log SessionListener: contextDestroyed()
12-Dec-2022 12:58:33.798 INFO [main] org.apache.catalina.core.ApplicationContext.log ContextListener: contextDestroyed()
12-Dec-2022 13:12:05.616 INFO [main] org.apache.catalina.core.ApplicationContext.log SessionListener: contextDestroyed()
12-Dec-2022 13:12:05.619 INFO [main] org.apache.catalina.core.ApplicationContext.log ContextListener: contextDestroyed()
12-Dec-2022 13:12:38.515 INFO [main] org.apache.catalina.core.ApplicationContext.log ContextListener: contextInitialized()
12-Dec-2022 13:12:38.516 INFO [main] org.apache.catalina.core.ApplicationContext.log SessionListener: contextInitialized()
12-Dec-2022 13:12:38.518 INFO [main] org.apache.catalina.core.ApplicationContext.log ContextListener: attributeAdded('StockTicker', 'async.Stockticker@2a39fe6a')
12-Dec-2022 13:21:51.337 INFO [main] org.apache.catalina.core.ApplicationContext.log SessionListener: contextDestroyed()
12-Dec-2022 13:21:51.341 INFO [main] org.apache.catalina.core.ApplicationContext.log ContextListener: contextDestroyed()
12-Dec-2022 13:22:05.746 INFO [main] org.apache.catalina.core.ApplicationContext.log ContextListener: contextInitialized()
12-Dec-2022 13:22:05.751 INFO [main] org.apache.catalina.core.ApplicationContext.log SessionListener: contextInitialized()
12-Dec-2022 13:22:05.757 INFO [main] org.apache.catalina.core.ApplicationContext.log ContextListener: attributeAdded('StockTicker', 'async.Stockticker@3efe7086')
12-Dec-2022 13:24:37.082 INFO [main] org.apache.catalina.core.ApplicationContext.log SessionListener: contextDestroyed()
12-Dec-2022 13:24:37.083 INFO [main] org.apache.catalina.core.ApplicationContext.log ContextListener: contextDestroyed()
12-Dec-2022 13:25:01.761 INFO [main] org.apache.catalina.core.ApplicationContext.log ContextListener: contextInitialized()
12-Dec-2022 13:25:01.762 INFO [main] org.apache.catalina.core.ApplicationContext.log SessionListener: contextInitialized()
12-Dec-2022 13:25:01.764 INFO [main] org.apache.catalina.core.ApplicationContext.log ContextListener: attributeAdded('StockTicker', 'async.Stockticker@675d8c96')
12-Dec-2022 13:30:07.193 INFO [main] org.apache.catalina.core.ApplicationContext.log SessionListener: contextDestroyed()
12-Dec-2022 13:30:07.195 INFO [main] org.apache.catalina.core.ApplicationContext.log ContextListener: contextDestroyed()
12-Dec-2022 13:30:19.321 INFO [main] org.apache.catalina.core.ApplicationContext.log ContextListener: contextInitialized()
12-Dec-2022 13:30:19.324 INFO [main] org.apache.catalina.core.ApplicationContext.log SessionListener: contextInitialized()
12-Dec-2022 13:30:19.329 INFO [main] org.apache.catalina.core.ApplicationContext.log ContextListener: attributeAdded('StockTicker', 'async.Stockticker@45be7cd5')
12-Dec-2022 13:32:23.079 INFO [main] org.apache.catalina.core.ApplicationContext.log SessionListener: contextDestroyed()
12-Dec-2022 13:32:23.084 INFO [main] org.apache.catalina.core.ApplicationContext.log ContextListener: contextDestroyed()
12-Dec-2022 13:32:33.152 INFO [main] org.apache.catalina.core.ApplicationContext.log ContextListener: contextInitialized()
12-Dec-2022 13:32:33.153 INFO [main] org.apache.catalina.core.ApplicationContext.log SessionListener: contextInitialized()
12-Dec-2022 13:32:33.155 INFO [main] org.apache.catalina.core.ApplicationContext.log ContextListener: attributeAdded('StockTicker', 'async.Stockticker@63648ee9')
12-Dec-2022 13:40:12.409 INFO [main] org.apache.catalina.core.ApplicationContext.log SessionListener: contextDestroyed()
12-Dec-2022 13:40:12.413 INFO [main] org.apache.catalina.core.ApplicationContext.log ContextListener: contextDestroyed()
12-Dec-2022 13:40:29.682 INFO [main] org.apache.catalina.core.ApplicationContext.log ContextListener: contextInitialized()
12-Dec-2022 13:40:29.689 INFO [main] org.apache.catalina.core.ApplicationContext.log SessionListener: contextInitialized()
12-Dec-2022 13:40:29.695 INFO [main] org.apache.catalina.core.ApplicationContext.log ContextListener: attributeAdded('StockTicker', 'async.Stockticker@68d6972f')
12-Dec-2022 13:43:46.309 INFO [main] org.apache.catalina.core.ApplicationContext.log SessionListener: contextDestroyed()
12-Dec-2022 13:43:46.309 INFO [main] org.apache.catalina.core.ApplicationContext.log ContextListener: contextDestroyed()
12-Dec-2022 13:43:56.483 INFO [main] org.apache.catalina.core.ApplicationContext.log ContextListener: contextInitialized()
12-Dec-2022 13:43:56.489 INFO [main] org.apache.catalina.core.ApplicationContext.log SessionListener: contextInitialized()
12-Dec-2022 13:43:56.490 INFO [main] org.apache.catalina.core.ApplicationContext.log ContextListener: attributeAdded('StockTicker', 'async.Stockticker@3efe7086')
12-Dec-2022 13:46:36.474 INFO [main] org.apache.catalina.core.ApplicationContext.log SessionListener: contextDestroyed()
12-Dec-2022 13:46:36.479 INFO [main] org.apache.catalina.core.ApplicationContext.log ContextListener: contextDestroyed()
12-Dec-2022 13:46:50.632 INFO [main] org.apache.catalina.core.ApplicationContext.log ContextListener: contextInitialized()
12-Dec-2022 13:46:50.633 INFO [main] org.apache.catalina.core.ApplicationContext.log SessionListener: contextInitialized()
12-Dec-2022 13:46:50.635 INFO [main] org.apache.catalina.core.ApplicationContext.log ContextListener: attributeAdded('StockTicker', 'async.Stockticker@3a320ade')
12-Dec-2022 13:57:59.369 INFO [main] org.apache.catalina.core.ApplicationContext.log SessionListener: contextDestroyed()
12-Dec-2022 13:57:59.369 INFO [main] org.apache.catalina.core.ApplicationContext.log ContextListener: contextDestroyed()
12-Dec-2022 13:58:28.923 INFO [main] org.apache.catalina.core.ApplicationContext.log ContextListener: contextInitialized()
12-Dec-2022 13:58:28.924 INFO [main] org.apache.catalina.core.ApplicationContext.log SessionListener: contextInitialized()
12-Dec-2022 13:58:28.926 INFO [main] org.apache.catalina.core.ApplicationContext.log ContextListener: attributeAdded('StockTicker', 'async.Stockticker@ab7a938')
12-Dec-2022 14:00:26.804 INFO [main] org.apache.catalina.core.ApplicationContext.log SessionListener: contextDestroyed()
12-Dec-2022 14:00:26.804 INFO [main] org.apache.catalina.core.ApplicationContext.log ContextListener: contextDestroyed()
12-Dec-2022 14:00:47.480 INFO [main] org.apache.catalina.core.ApplicationContext.log ContextListener: contextInitialized()
12-Dec-2022 14:00:47.483 INFO [main] org.apache.catalina.core.ApplicationContext.log SessionListener: contextInitialized()
12-Dec-2022 14:00:47.485 INFO [main] org.apache.catalina.core.ApplicationContext.log ContextListener: attributeAdded('StockTicker', 'async.Stockticker@6256ac4f')
